{"level":"INFO","time":"2020-05-26T11:18:47.708+0530","caller":"emailhandler/kafkarecieve.go:35","message":"Your New Partion SuccesFully Entered","NewPartion:":0}
{"level":"INFO","time":"2020-05-26T11:18:47.709+0530","caller":"emailhandler/kafkarecieve.go:58","message":"metadata","Topic":"email","Key":"5","Offset":0}
{"level":"INFO","time":"2020-05-26T11:18:47.709+0530","caller":"emailhandler/kafkarecieve.go:59","message":"{\"Email\":\"suniljdh2016@gmail.com\",\"Phone\":\"+918400197044\",\"MessageBody\":\"hiasfdgfhkc\",\"Transactionid\":\"7231\",\"Customerid\":\"451\",\"Key\":\"5\",\"partition\":0}"}
{"level":"INFO","time":"2020-05-26T11:18:52.146+0530","caller":"emailhandler/dbemailfailure.go:131","message":"Successfully Send","Transaction_id":"7231"}
{"level":"INFO","time":"2020-05-26T11:18:52.146+0530","caller":"emailhandler/kafkarecieve.go:58","message":"metadata","Topic":"email","Key":"5","Offset":1}
{"level":"INFO","time":"2020-05-26T11:18:52.146+0530","caller":"emailhandler/kafkarecieve.go:59","message":"{\"Email\":\"suniljdh2016@gmail.com\",\"Phone\":\"+918400197044\",\"MessageBody\":\"hiasfdgfhkc\",\"Transactionid\":\"7231\",\"Customerid\":\"45\",\"Key\":\"5\",\"partition\":0}"}
{"level":"INFO","time":"2020-05-26T11:18:52.158+0530","caller":"emailhandler/dbhandleoffset.go:94","message":"Upadated the count of Offset","Partition":0,"Offset":1}
{"level":"INFO","time":"2020-05-26T11:18:56.160+0530","caller":"emailhandler/dbemailfailure.go:131","message":"Successfully Send","Transaction_id":"7231"}
{"level":"INFO","time":"2020-05-26T11:18:56.160+0530","caller":"emailhandler/kafkarecieve.go:58","message":"metadata","Topic":"email","Key":"5","Offset":2}
{"level":"INFO","time":"2020-05-26T11:18:56.160+0530","caller":"emailhandler/kafkarecieve.go:59","message":"{\"Email\":\"suniljdh2016@gmail.com\",\"Phone\":\"+918400197044\",\"MessageBody\":\"hiasfdgfhkc\",\"Transactionid\":\"7231\",\"Customerid\":\"45\",\"Key\":\"5\",\"partition\":0}"}
{"level":"INFO","time":"2020-05-26T11:18:56.166+0530","caller":"emailhandler/dbhandleoffset.go:94","message":"Upadated the count of Offset","Partition":0,"Offset":2}
{"level":"INFO","time":"2020-05-26T11:19:00.082+0530","caller":"emailhandler/dbemailfailure.go:131","message":"Successfully Send","Transaction_id":"7231"}
{"level":"INFO","time":"2020-05-26T11:19:00.082+0530","caller":"emailhandler/kafkarecieve.go:58","message":"metadata","Topic":"email","Key":"5","Offset":3}
{"level":"INFO","time":"2020-05-26T11:19:00.082+0530","caller":"emailhandler/kafkarecieve.go:59","message":"{\"Email\":\"suniljdh2016@gmail.com\",\"Phone\":\"+918400197044\",\"MessageBody\":\"hiasfdgfhkc\",\"Transactionid\":\"7231\",\"Customerid\":\"45\",\"Key\":\"5\",\"partition\":0}"}
{"level":"INFO","time":"2020-05-26T11:19:00.086+0530","caller":"emailhandler/dbhandleoffset.go:94","message":"Upadated the count of Offset","Partition":0,"Offset":3}
{"level":"INFO","time":"2020-05-26T11:19:04.081+0530","caller":"emailhandler/dbemailfailure.go:131","message":"Successfully Send","Transaction_id":"7231"}
{"level":"INFO","time":"2020-05-26T11:19:04.081+0530","caller":"emailhandler/kafkarecieve.go:58","message":"metadata","Topic":"email","Key":"5","Offset":4}
{"level":"INFO","time":"2020-05-26T11:19:04.081+0530","caller":"emailhandler/kafkarecieve.go:59","message":"{\"Email\":\"suniljdh2016@gmail.com\",\"Phone\":\"+918400197044\",\"MessageBody\":\"hiasfdgfhkc\",\"Transactionid\":\"7231\",\"Customerid\":\"45\",\"Key\":\"5\",\"partition\":0}"}
{"level":"INFO","time":"2020-05-26T11:19:04.086+0530","caller":"emailhandler/dbhandleoffset.go:94","message":"Upadated the count of Offset","Partition":0,"Offset":4}
{"level":"INFO","time":"2020-05-26T11:19:07.998+0530","caller":"emailhandler/dbemailfailure.go:131","message":"Successfully Send","Transaction_id":"7231"}
{"level":"INFO","time":"2020-05-26T11:19:07.999+0530","caller":"emailhandler/kafkarecieve.go:58","message":"metadata","Topic":"email","Key":"5","Offset":5}
{"level":"INFO","time":"2020-05-26T11:19:07.999+0530","caller":"emailhandler/kafkarecieve.go:59","message":"{\"Email\":\"suniljdh2016@gmail.com\",\"Phone\":\"+918400197044\",\"MessageBody\":\"hiasfdgfhkc\",\"Transactionid\":\"7231\",\"Customerid\":\"45\",\"Key\":\"5\",\"partition\":0}"}
{"level":"INFO","time":"2020-05-26T11:19:08.004+0530","caller":"emailhandler/dbhandleoffset.go:94","message":"Upadated the count of Offset","Partition":0,"Offset":5}
{"level":"INFO","time":"2020-05-26T11:19:12.229+0530","caller":"emailhandler/dbemailfailure.go:131","message":"Successfully Send","Transaction_id":"7231"}
{"level":"INFO","time":"2020-05-26T11:21:38.815+0530","caller":"emailhandler/kafkarecieve.go:58","message":"metadata","Topic":"email","Key":"10","Offset":6}
{"level":"INFO","time":"2020-05-26T11:21:38.815+0530","caller":"emailhandler/kafkarecieve.go:59","message":"{\"Email\":\"suniljdh2016@gmail.com\",\"Phone\":\"+918400197044\",\"MessageBody\":\"hiasfdc\",\"Transactionid\":\"731\",\"Customerid\":\"2345\",\"Key\":\"10\",\"partition\":0}"}
{"level":"INFO","time":"2020-05-26T11:21:38.818+0530","caller":"emailhandler/dbhandleoffset.go:94","message":"Upadated the count of Offset","Partition":0,"Offset":6}
{"level":"INFO","time":"2020-05-26T11:21:42.719+0530","caller":"emailhandler/dbemailfailure.go:131","message":"Successfully Send","Transaction_id":"731"}
{"level":"INFO","time":"2020-05-26T11:24:11.937+0530","caller":"emailhandler/kafkarecieve.go:58","message":"metadata","Topic":"email","Key":"10","Offset":7}
{"level":"INFO","time":"2020-05-26T11:24:11.937+0530","caller":"emailhandler/kafkarecieve.go:59","message":"{\"Email\":\"suniljdh2016@gmail.com\",\"Phone\":\"+918400197044\",\"MessageBody\":\"hiasfdc\",\"Transactionid\":\"731\",\"Customerid\":\"2345\",\"Key\":\"10\",\"partition\":0}"}
{"level":"INFO","time":"2020-05-26T11:24:11.945+0530","caller":"emailhandler/dbhandleoffset.go:94","message":"Upadated the count of Offset","Partition":0,"Offset":7}
{"level":"INFO","time":"2020-05-26T11:24:15.729+0530","caller":"emailhandler/dbemailfailure.go:131","message":"Successfully Send","Transaction_id":"731"}
{"level":"INFO","time":"2020-05-26T12:07:01.021+0530","caller":"emailhandler/kafkarecieve.go:35","message":"Your New Partion SuccesFully Entered","NewPartion:":2}
{"level":"INFO","time":"2020-05-26T12:07:01.021+0530","caller":"emailhandler/kafkarecieve.go:58","message":"metadata","Topic":"email","Key":"5","Offset":0}
{"level":"INFO","time":"2020-05-26T12:07:01.021+0530","caller":"emailhandler/kafkarecieve.go:59","message":"{\"Email\":\"suniljdh2016@gmail.com\",\"Phone\":\"+918400197044\",\"MessageBody\":\"hiasfdgfhkc\",\"Transactionid\":\"7231\",\"Customerid\":\"45\",\"Key\":\"5\",\"partition\":0}"}
{"level":"INFO","time":"2020-05-26T12:07:01.021+0530","caller":"emailhandler/kafkarecieve.go:35","message":"Your New Partion SuccesFully Entered","NewPartion:":0}
{"level":"INFO","time":"2020-05-26T12:07:01.021+0530","caller":"emailhandler/kafkarecieve.go:58","message":"metadata","Topic":"email","Key":"","Offset":10}
{"level":"INFO","time":"2020-05-26T12:07:01.021+0530","caller":"emailhandler/kafkarecieve.go:59","message":"{\"Email\":\"swapnil.bro123@gmail.com\",\"Phone\":\"7432094921\",\"MessageBody\":\"hellohiytttty\",\"Transactionid\":\"125456456\",\"Customerid\":\"347656r76789\",\"Key\":\"\",\"partition\":-1}"}
{"level":"INFO","time":"2020-05-26T12:07:05.569+0530","caller":"emailhandler/dbemailfailure.go:131","message":"Successfully Send","Transaction_id":"7231"}
{"level":"INFO","time":"2020-05-26T12:07:05.572+0530","caller":"emailhandler/kafkarecieve.go:58","message":"metadata","Topic":"email","Key":"5","Offset":1}
{"level":"INFO","time":"2020-05-26T12:07:05.572+0530","caller":"emailhandler/kafkarecieve.go:59","message":"{\"Email\":\"suniljdh2016@gmail.com\",\"Phone\":\"+918400197044\",\"MessageBody\":\"hiasfdgfhkc\",\"Transactionid\":\"7231\",\"Customerid\":\"45\",\"Key\":\"5\",\"partition\":0}"}
{"level":"INFO","time":"2020-05-26T12:07:05.593+0530","caller":"emailhandler/dbhandleoffset.go:94","message":"Upadated the count of Offset","Partition":2,"Offset":1}
{"level":"INFO","time":"2020-05-26T12:07:05.744+0530","caller":"emailhandler/dbemailfailure.go:131","message":"Successfully Send","Transaction_id":"125456456"}
{"level":"INFO","time":"2020-05-26T12:07:05.744+0530","caller":"emailhandler/kafkarecieve.go:58","message":"metadata","Topic":"email","Key":"","Offset":11}
{"level":"INFO","time":"2020-05-26T12:07:05.744+0530","caller":"emailhandler/kafkarecieve.go:59","message":"{\"Email\":\"swapnil.bro123@gmail.com\",\"Phone\":\"7432094921\",\"MessageBody\":\"hellohiytttty\",\"Transactionid\":\"125456456\",\"Customerid\":\"347656r76789\",\"Key\":\"\",\"partition\":0}"}
{"level":"INFO","time":"2020-05-26T12:07:05.754+0530","caller":"emailhandler/dbhandleoffset.go:94","message":"Upadated the count of Offset","Partition":0,"Offset":11}
{"level":"INFO","time":"2020-05-26T12:07:09.518+0530","caller":"emailhandler/dbemailfailure.go:131","message":"Successfully Send","Transaction_id":"7231"}
{"level":"INFO","time":"2020-05-26T12:07:09.518+0530","caller":"emailhandler/kafkarecieve.go:58","message":"metadata","Topic":"email","Key":"5","Offset":2}
{"level":"INFO","time":"2020-05-26T12:07:09.518+0530","caller":"emailhandler/kafkarecieve.go:59","message":"{\"Email\":\"suniljdh2016@gmail.com\",\"Phone\":\"+918400197044\",\"MessageBody\":\"hiasfdgfhkc\",\"Transactionid\":\"7231\",\"Customerid\":\"45\",\"Key\":\"5\",\"partition\":0}"}
{"level":"INFO","time":"2020-05-26T12:07:09.521+0530","caller":"emailhandler/dbhandleoffset.go:94","message":"Upadated the count of Offset","Partition":2,"Offset":2}
{"level":"INFO","time":"2020-05-26T12:07:09.788+0530","caller":"emailhandler/dbemailfailure.go:131","message":"Successfully Send","Transaction_id":"125456456"}
{"level":"INFO","time":"2020-05-26T12:07:09.788+0530","caller":"emailhandler/kafkarecieve.go:58","message":"metadata","Topic":"email","Key":"14244","Offset":12}
{"level":"INFO","time":"2020-05-26T12:07:09.788+0530","caller":"emailhandler/kafkarecieve.go:59","message":"{\"Email\":\"swapnil.bro123@gmail.com\",\"Phone\":\"7432094921\",\"MessageBody\":\"hellohiytttty\",\"Transactionid\":\"125456456\",\"Customerid\":\"347656r76789\",\"Key\":\"14244\",\"partition\":-1}"}
{"level":"INFO","time":"2020-05-26T12:07:09.790+0530","caller":"emailhandler/dbhandleoffset.go:94","message":"Upadated the count of Offset","Partition":0,"Offset":12}
{"level":"INFO","time":"2020-05-26T12:07:13.629+0530","caller":"emailhandler/dbemailfailure.go:131","message":"Successfully Send","Transaction_id":"7231"}
{"level":"INFO","time":"2020-05-26T12:07:13.629+0530","caller":"emailhandler/kafkarecieve.go:58","message":"metadata","Topic":"email","Key":"5","Offset":3}
{"level":"INFO","time":"2020-05-26T12:07:13.629+0530","caller":"emailhandler/kafkarecieve.go:59","message":"{\"Email\":\"suniljdh2016@gmail.com\",\"Phone\":\"+918400197044\",\"MessageBody\":\"hiasfdgfhkc\",\"Transactionid\":\"7231\",\"Customerid\":\"45\",\"Key\":\"5\",\"partition\":0}"}
{"level":"INFO","time":"2020-05-26T12:07:13.633+0530","caller":"emailhandler/dbhandleoffset.go:94","message":"Upadated the count of Offset","Partition":2,"Offset":3}
{"level":"INFO","time":"2020-05-26T12:07:13.821+0530","caller":"emailhandler/dbemailfailure.go:131","message":"Successfully Send","Transaction_id":"125456456"}
{"level":"INFO","time":"2020-05-26T12:07:13.821+0530","caller":"emailhandler/kafkarecieve.go:58","message":"metadata","Topic":"email","Key":"","Offset":13}
{"level":"INFO","time":"2020-05-26T12:07:13.821+0530","caller":"emailhandler/kafkarecieve.go:59","message":"{\"Email\":\"swapnil.bro123@gmail.com\",\"Phone\":\"7432094921\",\"MessageBody\":\"hellohiytttty\",\"Transactionid\":\"125456456\",\"Customerid\":\"347656r76789\",\"Key\":\"\",\"partition\":-1}"}
{"level":"INFO","time":"2020-05-26T12:07:13.823+0530","caller":"emailhandler/dbhandleoffset.go:94","message":"Upadated the count of Offset","Partition":0,"Offset":13}
{"level":"INFO","time":"2020-05-26T12:07:17.566+0530","caller":"emailhandler/dbemailfailure.go:131","message":"Successfully Send","Transaction_id":"7231"}
{"level":"INFO","time":"2020-05-26T12:07:17.566+0530","caller":"emailhandler/kafkarecieve.go:58","message":"metadata","Topic":"email","Key":"10","Offset":4}
{"level":"INFO","time":"2020-05-26T12:07:17.566+0530","caller":"emailhandler/kafkarecieve.go:59","message":"{\"Email\":\"suniljdh2016@gmail.com\",\"Phone\":\"+918400197044\",\"MessageBody\":\"hiasfdc\",\"Transactionid\":\"731\",\"Customerid\":\"2345\",\"Key\":\"10\",\"partition\":0}"}
{"level":"INFO","time":"2020-05-26T12:07:17.570+0530","caller":"emailhandler/dbhandleoffset.go:94","message":"Upadated the count of Offset","Partition":2,"Offset":4}
{"level":"INFO","time":"2020-05-26T12:07:17.788+0530","caller":"emailhandler/dbemailfailure.go:131","message":"Successfully Send","Transaction_id":"125456456"}
{"level":"INFO","time":"2020-05-26T12:07:17.788+0530","caller":"emailhandler/kafkarecieve.go:58","message":"metadata","Topic":"email","Key":"","Offset":14}
{"level":"INFO","time":"2020-05-26T12:07:17.788+0530","caller":"emailhandler/kafkarecieve.go:59","message":"{\"Email\":\"swapnil.bro123@gmail.com\",\"Phone\":\"7432094921\",\"MessageBody\":\"hellohiytttty\",\"Transactionid\":\"125456456\",\"Customerid\":\"347656r76789\",\"Key\":\"\",\"partition\":0}"}
{"level":"INFO","time":"2020-05-26T12:07:17.791+0530","caller":"emailhandler/dbhandleoffset.go:94","message":"Upadated the count of Offset","Partition":0,"Offset":14}
{"level":"INFO","time":"2020-05-26T12:07:21.671+0530","caller":"emailhandler/dbemailfailure.go:131","message":"Successfully Send","Transaction_id":"731"}
{"level":"INFO","time":"2020-05-26T12:07:21.671+0530","caller":"emailhandler/kafkarecieve.go:58","message":"metadata","Topic":"email","Key":"10","Offset":5}
{"level":"INFO","time":"2020-05-26T12:07:21.671+0530","caller":"emailhandler/kafkarecieve.go:59","message":"{\"Email\":\"suniljdh2016@gmail.com\",\"Phone\":\"+918400197044\",\"MessageBody\":\"hiasfdc\",\"Transactionid\":\"731\",\"Customerid\":\"2345\",\"Key\":\"10\",\"partition\":0}"}
{"level":"INFO","time":"2020-05-26T12:07:21.679+0530","caller":"emailhandler/dbhandleoffset.go:94","message":"Upadated the count of Offset","Partition":2,"Offset":5}
{"level":"INFO","time":"2020-05-26T12:07:21.735+0530","caller":"emailhandler/dbemailfailure.go:131","message":"Successfully Send","Transaction_id":"125456456"}
{"level":"INFO","time":"2020-05-26T12:07:21.735+0530","caller":"emailhandler/kafkarecieve.go:58","message":"metadata","Topic":"email","Key":"7","Offset":15}
{"level":"INFO","time":"2020-05-26T12:07:21.735+0530","caller":"emailhandler/kafkarecieve.go:59","message":"{\"Email\":\"suniljdh2016@gmail.com\",\"Phone\":\"+918890412727\",\"MessageBody\":\"hiokc\",\"Transactionid\":\"71\",\"Customerid\":\"4512\",\"Key\":\"7\",\"partition\":0}"}
{"level":"INFO","time":"2020-05-26T12:07:21.737+0530","caller":"emailhandler/dbhandleoffset.go:94","message":"Upadated the count of Offset","Partition":0,"Offset":15}
{"level":"INFO","time":"2020-05-26T12:07:25.819+0530","caller":"emailhandler/dbemailfailure.go:131","message":"Successfully Send","Transaction_id":"731"}
{"level":"INFO","time":"2020-05-26T12:07:25.819+0530","caller":"emailhandler/kafkarecieve.go:58","message":"metadata","Topic":"email","Key":"10","Offset":6}
{"level":"INFO","time":"2020-05-26T12:07:25.819+0530","caller":"emailhandler/kafkarecieve.go:59","message":"{\"Email\":\"suniljdh2016@gmail.com\",\"Phone\":\"+918400197044\",\"MessageBody\":\"hiasfdc\",\"Transactionid\":\"731\",\"Customerid\":\"2345\",\"Key\":\"10\",\"partition\":0}"}
{"level":"INFO","time":"2020-05-26T12:07:25.820+0530","caller":"emailhandler/dbemailfailure.go:131","message":"Successfully Send","Transaction_id":"71"}
{"level":"INFO","time":"2020-05-26T12:07:25.835+0530","caller":"emailhandler/dbhandleoffset.go:94","message":"Upadated the count of Offset","Partition":2,"Offset":6}
{"level":"INFO","time":"2020-05-26T12:07:29.813+0530","caller":"emailhandler/dbemailfailure.go:131","message":"Successfully Send","Transaction_id":"731"}
{"level":"INFO","time":"2020-05-26T12:07:29.826+0530","caller":"emailhandler/kafkarecieve.go:35","message":"Your New Partion SuccesFully Entered","NewPartion:":1}
{"level":"INFO","time":"2020-05-26T12:07:29.826+0530","caller":"emailhandler/kafkarecieve.go:58","message":"metadata","Topic":"email","Key":"","Offset":2}
{"level":"INFO","time":"2020-05-26T12:07:29.826+0530","caller":"emailhandler/kafkarecieve.go:59","message":"{\"Email\":\"suniljdh2016@gmail.com\",\"Phone\":\"+918890412727\",\"MessageBody\":\"hiokc\",\"Transactionid\":\"71\",\"Customerid\":\"4512\",\"Key\":\"\",\"partition\":0}"}
{"level":"INFO","time":"2020-05-26T12:07:29.838+0530","caller":"emailhandler/dbhandleoffset.go:94","message":"Upadated the count of Offset","Partition":1,"Offset":2}
{"level":"INFO","time":"2020-05-26T12:07:33.670+0530","caller":"emailhandler/dbemailfailure.go:131","message":"Successfully Send","Transaction_id":"71"}
{"level":"INFO","time":"2020-05-26T12:07:33.671+0530","caller":"emailhandler/kafkarecieve.go:58","message":"metadata","Topic":"email","Key":"","Offset":3}
{"level":"INFO","time":"2020-05-26T12:07:33.671+0530","caller":"emailhandler/kafkarecieve.go:59","message":"{\"Email\":\"suniljdh2016@gmail.com\",\"Phone\":\"+918890412727\",\"MessageBody\":\"hiokc\",\"Transactionid\":\"71\",\"Customerid\":\"4512\",\"Key\":\"\",\"partition\":0}"}
{"level":"INFO","time":"2020-05-26T12:07:33.674+0530","caller":"emailhandler/dbhandleoffset.go:94","message":"Upadated the count of Offset","Partition":1,"Offset":3}
{"level":"INFO","time":"2020-05-26T12:07:37.455+0530","caller":"emailhandler/dbemailfailure.go:131","message":"Successfully Send","Transaction_id":"71"}
{"level":"INFO","time":"2020-05-26T12:07:37.456+0530","caller":"emailhandler/kafkarecieve.go:58","message":"metadata","Topic":"email","Key":"","Offset":4}
{"level":"INFO","time":"2020-05-26T12:07:37.456+0530","caller":"emailhandler/kafkarecieve.go:59","message":"{\"Email\":\"suniljdh2016@gmail.com\",\"Phone\":\"+918890412727\",\"MessageBody\":\"hiokc\",\"Transactionid\":\"71\",\"Customerid\":\"4512\",\"Key\":\"\",\"partition\":0}"}
{"level":"INFO","time":"2020-05-26T12:07:37.466+0530","caller":"emailhandler/dbhandleoffset.go:94","message":"Upadated the count of Offset","Partition":1,"Offset":4}
{"level":"INFO","time":"2020-05-26T12:07:41.428+0530","caller":"emailhandler/dbemailfailure.go:131","message":"Successfully Send","Transaction_id":"71"}
{"level":"INFO","time":"2020-05-26T12:07:41.428+0530","caller":"emailhandler/kafkarecieve.go:58","message":"metadata","Topic":"email","Key":"","Offset":5}
{"level":"INFO","time":"2020-05-26T12:07:41.428+0530","caller":"emailhandler/kafkarecieve.go:59","message":"{\"Email\":\"suniljdh2016@gmail.com\",\"Phone\":\"+918890412727\",\"MessageBody\":\"hiokc\",\"Transactionid\":\"71\",\"Customerid\":\"4512\",\"Key\":\"\",\"partition\":0}"}
{"level":"INFO","time":"2020-05-26T12:07:41.432+0530","caller":"emailhandler/dbhandleoffset.go:94","message":"Upadated the count of Offset","Partition":1,"Offset":5}
{"level":"INFO","time":"2020-05-26T12:07:45.314+0530","caller":"emailhandler/dbemailfailure.go:131","message":"Successfully Send","Transaction_id":"71"}
{"level":"INFO","time":"2020-05-26T12:07:45.314+0530","caller":"emailhandler/kafkarecieve.go:58","message":"metadata","Topic":"email","Key":"","Offset":6}
{"level":"INFO","time":"2020-05-26T12:07:45.314+0530","caller":"emailhandler/kafkarecieve.go:59","message":"{\"Email\":\"suniljdh2016@gmail.com\",\"Phone\":\"+918890412727\",\"MessageBody\":\"hiokc\",\"Transactionid\":\"71\",\"Customerid\":\"4512\",\"Key\":\"\",\"partition\":0}"}
{"level":"INFO","time":"2020-05-26T12:07:45.326+0530","caller":"emailhandler/dbhandleoffset.go:94","message":"Upadated the count of Offset","Partition":1,"Offset":6}
{"level":"INFO","time":"2020-05-26T12:07:49.253+0530","caller":"emailhandler/dbemailfailure.go:131","message":"Successfully Send","Transaction_id":"71"}
{"level":"INFO","time":"2020-05-26T12:08:47.700+0530","caller":"emailhandler/dbhandleoffset.go:132","message":"Stopped Duplicating message","offset:":10}
{"level":"INFO","time":"2020-05-26T12:08:47.704+0530","caller":"emailhandler/kafkarecieve.go:32","message":"SuccesFully Stop From Duplicating Message"}
{"level":"INFO","time":"2020-05-26T12:08:47.715+0530","caller":"emailhandler/dbhandleoffset.go:132","message":"Stopped Duplicating message","offset:":3}
{"level":"INFO","time":"2020-05-26T12:08:47.715+0530","caller":"emailhandler/kafkarecieve.go:32","message":"SuccesFully Stop From Duplicating Message"}
{"level":"INFO","time":"2020-05-26T12:08:47.736+0530","caller":"emailhandler/dbhandleoffset.go:132","message":"Stopped Duplicating message","offset:":4}
{"level":"INFO","time":"2020-05-26T12:08:47.736+0530","caller":"emailhandler/kafkarecieve.go:32","message":"SuccesFully Stop From Duplicating Message"}
{"level":"INFO","time":"2020-05-26T12:08:47.747+0530","caller":"emailhandler/dbhandleoffset.go:132","message":"Stopped Duplicating message","offset:":11}
{"level":"INFO","time":"2020-05-26T12:08:47.747+0530","caller":"emailhandler/kafkarecieve.go:32","message":"SuccesFully Stop From Duplicating Message"}
{"level":"INFO","time":"2020-05-26T12:08:47.758+0530","caller":"emailhandler/dbhandleoffset.go:132","message":"Stopped Duplicating message","offset:":5}
{"level":"INFO","time":"2020-05-26T12:08:47.758+0530","caller":"emailhandler/kafkarecieve.go:32","message":"SuccesFully Stop From Duplicating Message"}
{"level":"INFO","time":"2020-05-26T12:08:47.760+0530","caller":"emailhandler/dbhandleoffset.go:132","message":"Stopped Duplicating message","offset:":12}
{"level":"INFO","time":"2020-05-26T12:08:47.760+0530","caller":"emailhandler/kafkarecieve.go:32","message":"SuccesFully Stop From Duplicating Message"}
{"level":"INFO","time":"2020-05-26T12:08:47.774+0530","caller":"emailhandler/dbhandleoffset.go:132","message":"Stopped Duplicating message","offset:":6}
{"level":"INFO","time":"2020-05-26T12:08:47.774+0530","caller":"emailhandler/kafkarecieve.go:32","message":"SuccesFully Stop From Duplicating Message"}
{"level":"INFO","time":"2020-05-26T12:08:47.775+0530","caller":"emailhandler/dbhandleoffset.go:132","message":"Stopped Duplicating message","offset:":13}
{"level":"INFO","time":"2020-05-26T12:08:47.775+0530","caller":"emailhandler/kafkarecieve.go:32","message":"SuccesFully Stop From Duplicating Message"}
{"level":"INFO","time":"2020-05-26T12:08:47.785+0530","caller":"emailhandler/dbhandleoffset.go:132","message":"Stopped Duplicating message","offset:":0}
{"level":"INFO","time":"2020-05-26T12:08:47.785+0530","caller":"emailhandler/kafkarecieve.go:32","message":"SuccesFully Stop From Duplicating Message"}
{"level":"INFO","time":"2020-05-26T12:08:47.790+0530","caller":"emailhandler/dbhandleoffset.go:132","message":"Stopped Duplicating message","offset:":14}
{"level":"INFO","time":"2020-05-26T12:08:47.790+0530","caller":"emailhandler/kafkarecieve.go:32","message":"SuccesFully Stop From Duplicating Message"}
{"level":"INFO","time":"2020-05-26T12:08:47.797+0530","caller":"emailhandler/dbhandleoffset.go:132","message":"Stopped Duplicating message","offset:":1}
{"level":"INFO","time":"2020-05-26T12:08:47.797+0530","caller":"emailhandler/kafkarecieve.go:32","message":"SuccesFully Stop From Duplicating Message"}
{"level":"INFO","time":"2020-05-26T12:08:47.801+0530","caller":"emailhandler/dbhandleoffset.go:132","message":"Stopped Duplicating message","offset:":15}
{"level":"INFO","time":"2020-05-26T12:08:47.802+0530","caller":"emailhandler/kafkarecieve.go:32","message":"SuccesFully Stop From Duplicating Message"}
{"level":"INFO","time":"2020-05-26T12:08:47.803+0530","caller":"emailhandler/dbhandleoffset.go:132","message":"Stopped Duplicating message","offset:":2}
{"level":"INFO","time":"2020-05-26T12:08:47.803+0530","caller":"emailhandler/kafkarecieve.go:32","message":"SuccesFully Stop From Duplicating Message"}
{"level":"INFO","time":"2020-05-26T12:08:47.818+0530","caller":"emailhandler/dbhandleoffset.go:132","message":"Stopped Duplicating message","offset:":3}
{"level":"INFO","time":"2020-05-26T12:08:47.818+0530","caller":"emailhandler/kafkarecieve.go:32","message":"SuccesFully Stop From Duplicating Message"}
{"level":"INFO","time":"2020-05-26T12:08:47.826+0530","caller":"emailhandler/dbhandleoffset.go:132","message":"Stopped Duplicating message","offset:":4}
{"level":"INFO","time":"2020-05-26T12:08:47.826+0530","caller":"emailhandler/kafkarecieve.go:32","message":"SuccesFully Stop From Duplicating Message"}
{"level":"INFO","time":"2020-05-26T12:08:47.859+0530","caller":"emailhandler/dbhandleoffset.go:132","message":"Stopped Duplicating message","offset:":5}
{"level":"INFO","time":"2020-05-26T12:08:47.859+0530","caller":"emailhandler/kafkarecieve.go:32","message":"SuccesFully Stop From Duplicating Message"}
{"level":"INFO","time":"2020-05-26T12:08:47.862+0530","caller":"emailhandler/dbhandleoffset.go:132","message":"Stopped Duplicating message","offset:":6}
{"level":"INFO","time":"2020-05-26T12:08:47.862+0530","caller":"emailhandler/kafkarecieve.go:32","message":"SuccesFully Stop From Duplicating Message"}
{"level":"INFO","time":"2020-05-26T12:10:13.429+0530","caller":"emailhandler/dbhandleoffset.go:132","message":"Stopped Duplicating message","offset:":3}
{"level":"INFO","time":"2020-05-26T12:10:13.429+0530","caller":"emailhandler/kafkarecieve.go:32","message":"SuccesFully Stop From Duplicating Message"}
{"level":"INFO","time":"2020-05-26T12:10:13.433+0530","caller":"emailhandler/dbhandleoffset.go:132","message":"Stopped Duplicating message","offset:":4}
{"level":"INFO","time":"2020-05-26T12:10:13.433+0530","caller":"emailhandler/kafkarecieve.go:32","message":"SuccesFully Stop From Duplicating Message"}
{"level":"INFO","time":"2020-05-26T12:10:13.434+0530","caller":"emailhandler/dbhandleoffset.go:132","message":"Stopped Duplicating message","offset:":10}
{"level":"INFO","time":"2020-05-26T12:10:13.434+0530","caller":"emailhandler/kafkarecieve.go:32","message":"SuccesFully Stop From Duplicating Message"}
{"level":"INFO","time":"2020-05-26T12:10:13.440+0530","caller":"emailhandler/dbhandleoffset.go:132","message":"Stopped Duplicating message","offset:":5}
{"level":"INFO","time":"2020-05-26T12:10:13.440+0530","caller":"emailhandler/kafkarecieve.go:32","message":"SuccesFully Stop From Duplicating Message"}
{"level":"INFO","time":"2020-05-26T12:10:13.442+0530","caller":"emailhandler/dbhandleoffset.go:132","message":"Stopped Duplicating message","offset:":11}
{"level":"INFO","time":"2020-05-26T12:10:13.442+0530","caller":"emailhandler/kafkarecieve.go:32","message":"SuccesFully Stop From Duplicating Message"}
{"level":"INFO","time":"2020-05-26T12:10:13.447+0530","caller":"emailhandler/dbhandleoffset.go:132","message":"Stopped Duplicating message","offset:":12}
{"level":"INFO","time":"2020-05-26T12:10:13.447+0530","caller":"emailhandler/kafkarecieve.go:32","message":"SuccesFully Stop From Duplicating Message"}
{"level":"INFO","time":"2020-05-26T12:10:13.447+0530","caller":"emailhandler/dbhandleoffset.go:132","message":"Stopped Duplicating message","offset:":6}
{"level":"INFO","time":"2020-05-26T12:10:13.447+0530","caller":"emailhandler/kafkarecieve.go:32","message":"SuccesFully Stop From Duplicating Message"}
{"level":"INFO","time":"2020-05-26T12:10:13.455+0530","caller":"emailhandler/dbhandleoffset.go:132","message":"Stopped Duplicating message","offset:":0}
{"level":"INFO","time":"2020-05-26T12:10:13.455+0530","caller":"emailhandler/kafkarecieve.go:32","message":"SuccesFully Stop From Duplicating Message"}
{"level":"INFO","time":"2020-05-26T12:10:13.458+0530","caller":"emailhandler/dbhandleoffset.go:132","message":"Stopped Duplicating message","offset:":13}
{"level":"INFO","time":"2020-05-26T12:10:13.458+0530","caller":"emailhandler/kafkarecieve.go:32","message":"SuccesFully Stop From Duplicating Message"}
{"level":"INFO","time":"2020-05-26T12:10:13.466+0530","caller":"emailhandler/dbhandleoffset.go:132","message":"Stopped Duplicating message","offset:":14}
{"level":"INFO","time":"2020-05-26T12:10:13.466+0530","caller":"emailhandler/kafkarecieve.go:32","message":"SuccesFully Stop From Duplicating Message"}
{"level":"INFO","time":"2020-05-26T12:10:13.468+0530","caller":"emailhandler/dbhandleoffset.go:132","message":"Stopped Duplicating message","offset:":1}
{"level":"INFO","time":"2020-05-26T12:10:13.469+0530","caller":"emailhandler/kafkarecieve.go:32","message":"SuccesFully Stop From Duplicating Message"}
{"level":"INFO","time":"2020-05-26T12:10:13.482+0530","caller":"emailhandler/dbhandleoffset.go:132","message":"Stopped Duplicating message","offset:":15}
{"level":"INFO","time":"2020-05-26T12:10:13.482+0530","caller":"emailhandler/kafkarecieve.go:32","message":"SuccesFully Stop From Duplicating Message"}
{"level":"INFO","time":"2020-05-26T12:10:13.484+0530","caller":"emailhandler/dbhandleoffset.go:132","message":"Stopped Duplicating message","offset:":2}
{"level":"INFO","time":"2020-05-26T12:10:13.484+0530","caller":"emailhandler/kafkarecieve.go:32","message":"SuccesFully Stop From Duplicating Message"}
{"level":"INFO","time":"2020-05-26T12:10:13.496+0530","caller":"emailhandler/dbhandleoffset.go:132","message":"Stopped Duplicating message","offset:":3}
{"level":"INFO","time":"2020-05-26T12:10:13.496+0530","caller":"emailhandler/kafkarecieve.go:32","message":"SuccesFully Stop From Duplicating Message"}
{"level":"INFO","time":"2020-05-26T12:10:13.507+0530","caller":"emailhandler/dbhandleoffset.go:132","message":"Stopped Duplicating message","offset:":4}
{"level":"INFO","time":"2020-05-26T12:10:13.507+0530","caller":"emailhandler/kafkarecieve.go:32","message":"SuccesFully Stop From Duplicating Message"}
{"level":"INFO","time":"2020-05-26T12:10:13.535+0530","caller":"emailhandler/dbhandleoffset.go:132","message":"Stopped Duplicating message","offset:":5}
{"level":"INFO","time":"2020-05-26T12:10:13.535+0530","caller":"emailhandler/kafkarecieve.go:32","message":"SuccesFully Stop From Duplicating Message"}
{"level":"INFO","time":"2020-05-26T12:10:13.547+0530","caller":"emailhandler/dbhandleoffset.go:132","message":"Stopped Duplicating message","offset:":6}
{"level":"INFO","time":"2020-05-26T12:10:13.547+0530","caller":"emailhandler/kafkarecieve.go:32","message":"SuccesFully Stop From Duplicating Message"}
{"level":"INFO","time":"2020-05-26T12:10:13.555+0530","caller":"emailhandler/dbhandleoffset.go:122","message":"Upadated the count of Offset"}
{"level":"INFO","time":"2020-05-26T12:10:13.555+0530","caller":"emailhandler/kafkarecieve.go:58","message":"metadata","Topic":"email","Key":"10","Offset":7}
{"level":"INFO","time":"2020-05-26T12:10:13.555+0530","caller":"emailhandler/kafkarecieve.go:59","message":"{\"Email\":\"suniljdh2016@gmail.com\",\"Phone\":\"+918400197044\",\"MessageBody\":\"hiafdc\",\"Transactionid\":\"731\",\"Customerid\":\"2345\",\"Key\":\"10\",\"partition\":0}"}
{"level":"INFO","time":"2020-05-26T12:10:17.487+0530","caller":"emailhandler/dbemailfailure.go:131","message":"Successfully Send","Transaction_id":"731"}
{"level":"INFO","time":"2020-05-26T12:10:45.018+0530","caller":"emailhandler/kafkarecieve.go:58","message":"metadata","Topic":"email","Key":"10","Offset":8}
{"level":"INFO","time":"2020-05-26T12:10:45.018+0530","caller":"emailhandler/kafkarecieve.go:59","message":"{\"Email\":\"suniljdh2016@gmail.com\",\"Phone\":\"+918400197044\",\"MessageBody\":\"hifdc\",\"Transactionid\":\"731\",\"Customerid\":\"2345\",\"Key\":\"10\",\"partition\":0}"}
{"level":"INFO","time":"2020-05-26T12:10:45.022+0530","caller":"emailhandler/dbhandleoffset.go:94","message":"Upadated the count of Offset","Partition":2,"Offset":8}
{"level":"INFO","time":"2020-05-26T12:10:48.849+0530","caller":"emailhandler/dbemailfailure.go:131","message":"Successfully Send","Transaction_id":"731"}
{"level":"INFO","time":"2020-05-27T05:40:44.742+0530","caller":"emailhandler/dbhandleoffset.go:132","message":"Stopped Duplicating message","offset:":3}
{"level":"INFO","time":"2020-05-27T05:40:44.742+0530","caller":"emailhandler/kafkarecieve.go:32","message":"SuccesFully Stop From Duplicating Message"}
{"level":"INFO","time":"2020-05-27T05:40:44.742+0530","caller":"emailhandler/dbhandleoffset.go:132","message":"Stopped Duplicating message","offset:":10}
{"level":"INFO","time":"2020-05-27T05:40:44.742+0530","caller":"emailhandler/kafkarecieve.go:32","message":"SuccesFully Stop From Duplicating Message"}
{"level":"INFO","time":"2020-05-27T05:40:44.753+0530","caller":"emailhandler/dbhandleoffset.go:132","message":"Stopped Duplicating message","offset:":11}
{"level":"INFO","time":"2020-05-27T05:40:44.753+0530","caller":"emailhandler/kafkarecieve.go:32","message":"SuccesFully Stop From Duplicating Message"}
{"level":"INFO","time":"2020-05-27T05:40:44.755+0530","caller":"emailhandler/dbhandleoffset.go:132","message":"Stopped Duplicating message","offset:":4}
{"level":"INFO","time":"2020-05-27T05:40:44.755+0530","caller":"emailhandler/kafkarecieve.go:32","message":"SuccesFully Stop From Duplicating Message"}
{"level":"INFO","time":"2020-05-27T05:40:44.763+0530","caller":"emailhandler/dbhandleoffset.go:132","message":"Stopped Duplicating message","offset:":5}
{"level":"INFO","time":"2020-05-27T05:40:44.763+0530","caller":"emailhandler/kafkarecieve.go:32","message":"SuccesFully Stop From Duplicating Message"}
{"level":"INFO","time":"2020-05-27T05:40:44.764+0530","caller":"emailhandler/dbhandleoffset.go:132","message":"Stopped Duplicating message","offset:":12}
{"level":"INFO","time":"2020-05-27T05:40:44.764+0530","caller":"emailhandler/kafkarecieve.go:32","message":"SuccesFully Stop From Duplicating Message"}
{"level":"INFO","time":"2020-05-27T05:40:44.771+0530","caller":"emailhandler/dbhandleoffset.go:132","message":"Stopped Duplicating message","offset:":13}
{"level":"INFO","time":"2020-05-27T05:40:44.771+0530","caller":"emailhandler/kafkarecieve.go:32","message":"SuccesFully Stop From Duplicating Message"}
{"level":"INFO","time":"2020-05-27T05:40:44.803+0530","caller":"emailhandler/dbhandleoffset.go:132","message":"Stopped Duplicating message","offset:":6}
{"level":"INFO","time":"2020-05-27T05:40:44.803+0530","caller":"emailhandler/kafkarecieve.go:32","message":"SuccesFully Stop From Duplicating Message"}
{"level":"INFO","time":"2020-05-27T05:40:44.806+0530","caller":"emailhandler/dbhandleoffset.go:132","message":"Stopped Duplicating message","offset:":14}
{"level":"INFO","time":"2020-05-27T05:40:44.806+0530","caller":"emailhandler/kafkarecieve.go:32","message":"SuccesFully Stop From Duplicating Message"}
{"level":"INFO","time":"2020-05-27T05:40:44.807+0530","caller":"emailhandler/dbhandleoffset.go:132","message":"Stopped Duplicating message","offset:":0}
{"level":"INFO","time":"2020-05-27T05:40:44.807+0530","caller":"emailhandler/kafkarecieve.go:32","message":"SuccesFully Stop From Duplicating Message"}
{"level":"INFO","time":"2020-05-27T05:40:44.809+0530","caller":"emailhandler/dbhandleoffset.go:132","message":"Stopped Duplicating message","offset:":15}
{"level":"INFO","time":"2020-05-27T05:40:44.809+0530","caller":"emailhandler/kafkarecieve.go:32","message":"SuccesFully Stop From Duplicating Message"}
{"level":"INFO","time":"2020-05-27T05:40:44.810+0530","caller":"emailhandler/dbhandleoffset.go:132","message":"Stopped Duplicating message","offset:":1}
{"level":"INFO","time":"2020-05-27T05:40:44.810+0530","caller":"emailhandler/kafkarecieve.go:32","message":"SuccesFully Stop From Duplicating Message"}
{"level":"INFO","time":"2020-05-27T05:40:44.816+0530","caller":"emailhandler/dbhandleoffset.go:132","message":"Stopped Duplicating message","offset:":2}
{"level":"INFO","time":"2020-05-27T05:40:44.816+0530","caller":"emailhandler/kafkarecieve.go:32","message":"SuccesFully Stop From Duplicating Message"}
{"level":"INFO","time":"2020-05-27T05:40:44.820+0530","caller":"emailhandler/dbhandleoffset.go:132","message":"Stopped Duplicating message","offset:":3}
{"level":"INFO","time":"2020-05-27T05:40:44.820+0530","caller":"emailhandler/kafkarecieve.go:32","message":"SuccesFully Stop From Duplicating Message"}
{"level":"INFO","time":"2020-05-27T05:40:44.823+0530","caller":"emailhandler/dbhandleoffset.go:132","message":"Stopped Duplicating message","offset:":4}
{"level":"INFO","time":"2020-05-27T05:40:44.823+0530","caller":"emailhandler/kafkarecieve.go:32","message":"SuccesFully Stop From Duplicating Message"}
{"level":"INFO","time":"2020-05-27T05:40:44.825+0530","caller":"emailhandler/dbhandleoffset.go:132","message":"Stopped Duplicating message","offset:":5}
{"level":"INFO","time":"2020-05-27T05:40:44.825+0530","caller":"emailhandler/kafkarecieve.go:32","message":"SuccesFully Stop From Duplicating Message"}
{"level":"INFO","time":"2020-05-27T05:40:44.869+0530","caller":"emailhandler/dbhandleoffset.go:132","message":"Stopped Duplicating message","offset:":6}
{"level":"INFO","time":"2020-05-27T05:40:44.869+0530","caller":"emailhandler/kafkarecieve.go:32","message":"SuccesFully Stop From Duplicating Message"}
{"level":"INFO","time":"2020-05-27T05:40:44.886+0530","caller":"emailhandler/dbhandleoffset.go:132","message":"Stopped Duplicating message","offset:":7}
{"level":"INFO","time":"2020-05-27T05:40:44.886+0530","caller":"emailhandler/kafkarecieve.go:32","message":"SuccesFully Stop From Duplicating Message"}
{"level":"INFO","time":"2020-05-27T05:40:44.901+0530","caller":"emailhandler/dbhandleoffset.go:132","message":"Stopped Duplicating message","offset:":8}
{"level":"INFO","time":"2020-05-27T05:40:44.902+0530","caller":"emailhandler/kafkarecieve.go:32","message":"SuccesFully Stop From Duplicating Message"}
{"level":"INFO","time":"2020-05-27T05:40:53.923+0530","caller":"emailhandler/dbhandleoffset.go:122","message":"Upadated the count of Offset"}
{"level":"INFO","time":"2020-05-27T05:40:53.924+0530","caller":"emailhandler/kafkarecieve.go:58","message":"metadata","Topic":"email","Key":"18","Offset":9}
{"level":"INFO","time":"2020-05-27T05:40:53.925+0530","caller":"emailhandler/kafkarecieve.go:59","message":"{\"Email\":\"suniljdh2016@gmail.com\",\"Phone\":\"+918400197044\",\"MessageBody\":\"hic\",\"Transactionid\":\"73781\",\"Customerid\":\"234\",\"Key\":\"18\",\"partition\":0}"}
{"level":"INFO","time":"2020-05-27T05:40:58.623+0530","caller":"emailhandler/dbemailfailure.go:131","message":"Successfully Send","Transaction_id":"73781"}
{"level":"INFO","time":"2020-05-27T05:43:44.833+0530","caller":"emailhandler/dbhandleoffset.go:122","message":"Upadated the count of Offset"}
{"level":"INFO","time":"2020-05-27T05:43:44.833+0530","caller":"emailhandler/kafkarecieve.go:58","message":"metadata","Topic":"email","Key":"18","Offset":16}
{"level":"INFO","time":"2020-05-27T05:43:44.833+0530","caller":"emailhandler/kafkarecieve.go:59","message":"{\"Email\":\"suniljdh2016@gmail.com\",\"Phone\":\"+918400197044\",\"MessageBody\":\"hic\",\"Transactionid\":\"73781\",\"Customerid\":\"234\",\"Key\":\"18\",\"partition\":0}"}
{"level":"INFO","time":"2020-05-27T05:43:49.185+0530","caller":"emailhandler/dbemailfailure.go:131","message":"Successfully Send","Transaction_id":"73781"}
{"level":"INFO","time":"2020-05-27T10:41:06.223+0530","caller":"emailhandler/dbhandleoffset.go:132","message":"Stopped Duplicating message","offset:":3}
{"level":"INFO","time":"2020-05-27T10:41:06.223+0530","caller":"emailhandler/dbhandleoffset.go:132","message":"Stopped Duplicating message","offset:":10}
{"level":"INFO","time":"2020-05-27T10:41:06.501+0530","caller":"emailhandler/kafkarecieve.go:33","message":"SuccesFully Stop From Duplicating Message"}
{"level":"INFO","time":"2020-05-27T10:41:06.501+0530","caller":"emailhandler/kafkarecieve.go:33","message":"SuccesFully Stop From Duplicating Message"}
{"level":"INFO","time":"2020-05-27T10:41:06.515+0530","caller":"emailhandler/dbhandleoffset.go:132","message":"Stopped Duplicating message","offset:":4}
{"level":"INFO","time":"2020-05-27T10:41:06.515+0530","caller":"emailhandler/kafkarecieve.go:33","message":"SuccesFully Stop From Duplicating Message"}
{"level":"INFO","time":"2020-05-27T10:41:06.517+0530","caller":"emailhandler/dbhandleoffset.go:132","message":"Stopped Duplicating message","offset:":11}
{"level":"INFO","time":"2020-05-27T10:41:06.518+0530","caller":"emailhandler/kafkarecieve.go:33","message":"SuccesFully Stop From Duplicating Message"}
{"level":"INFO","time":"2020-05-27T10:41:06.523+0530","caller":"emailhandler/dbhandleoffset.go:132","message":"Stopped Duplicating message","offset:":5}
{"level":"INFO","time":"2020-05-27T10:41:06.524+0530","caller":"emailhandler/kafkarecieve.go:33","message":"SuccesFully Stop From Duplicating Message"}
{"level":"INFO","time":"2020-05-27T10:41:06.524+0530","caller":"emailhandler/dbhandleoffset.go:132","message":"Stopped Duplicating message","offset:":12}
{"level":"INFO","time":"2020-05-27T10:41:06.524+0530","caller":"emailhandler/kafkarecieve.go:33","message":"SuccesFully Stop From Duplicating Message"}
{"level":"INFO","time":"2020-05-27T10:41:06.532+0530","caller":"emailhandler/dbhandleoffset.go:132","message":"Stopped Duplicating message","offset:":13}
{"level":"INFO","time":"2020-05-27T10:41:06.532+0530","caller":"emailhandler/kafkarecieve.go:33","message":"SuccesFully Stop From Duplicating Message"}
{"level":"INFO","time":"2020-05-27T10:41:06.533+0530","caller":"emailhandler/dbhandleoffset.go:132","message":"Stopped Duplicating message","offset:":6}
{"level":"INFO","time":"2020-05-27T10:41:06.533+0530","caller":"emailhandler/kafkarecieve.go:33","message":"SuccesFully Stop From Duplicating Message"}
{"level":"INFO","time":"2020-05-27T10:41:06.537+0530","caller":"emailhandler/dbhandleoffset.go:132","message":"Stopped Duplicating message","offset:":0}
{"level":"INFO","time":"2020-05-27T10:41:06.537+0530","caller":"emailhandler/kafkarecieve.go:33","message":"SuccesFully Stop From Duplicating Message"}
{"level":"INFO","time":"2020-05-27T10:41:06.539+0530","caller":"emailhandler/dbhandleoffset.go:132","message":"Stopped Duplicating message","offset:":14}
{"level":"INFO","time":"2020-05-27T10:41:06.539+0530","caller":"emailhandler/kafkarecieve.go:33","message":"SuccesFully Stop From Duplicating Message"}
{"level":"INFO","time":"2020-05-27T10:41:06.556+0530","caller":"emailhandler/dbhandleoffset.go:132","message":"Stopped Duplicating message","offset:":15}
{"level":"INFO","time":"2020-05-27T10:41:06.556+0530","caller":"emailhandler/kafkarecieve.go:33","message":"SuccesFully Stop From Duplicating Message"}
{"level":"INFO","time":"2020-05-27T10:41:06.556+0530","caller":"emailhandler/dbhandleoffset.go:132","message":"Stopped Duplicating message","offset:":1}
{"level":"INFO","time":"2020-05-27T10:41:06.556+0530","caller":"emailhandler/kafkarecieve.go:33","message":"SuccesFully Stop From Duplicating Message"}
{"level":"INFO","time":"2020-05-27T10:41:06.561+0530","caller":"emailhandler/dbhandleoffset.go:132","message":"Stopped Duplicating message","offset:":2}
{"level":"INFO","time":"2020-05-27T10:41:06.561+0530","caller":"emailhandler/kafkarecieve.go:33","message":"SuccesFully Stop From Duplicating Message"}
{"level":"INFO","time":"2020-05-27T10:41:06.563+0530","caller":"emailhandler/dbhandleoffset.go:132","message":"Stopped Duplicating message","offset:":16}
{"level":"INFO","time":"2020-05-27T10:41:06.563+0530","caller":"emailhandler/kafkarecieve.go:33","message":"SuccesFully Stop From Duplicating Message"}
{"level":"INFO","time":"2020-05-27T10:41:06.565+0530","caller":"emailhandler/dbhandleoffset.go:132","message":"Stopped Duplicating message","offset:":3}
{"level":"INFO","time":"2020-05-27T10:41:06.565+0530","caller":"emailhandler/kafkarecieve.go:33","message":"SuccesFully Stop From Duplicating Message"}
{"level":"INFO","time":"2020-05-27T10:41:06.599+0530","caller":"emailhandler/dbhandleoffset.go:132","message":"Stopped Duplicating message","offset:":4}
{"level":"INFO","time":"2020-05-27T10:41:06.599+0530","caller":"emailhandler/kafkarecieve.go:33","message":"SuccesFully Stop From Duplicating Message"}
{"level":"INFO","time":"2020-05-27T10:41:06.602+0530","caller":"emailhandler/dbhandleoffset.go:132","message":"Stopped Duplicating message","offset:":5}
{"level":"INFO","time":"2020-05-27T10:41:06.602+0530","caller":"emailhandler/kafkarecieve.go:33","message":"SuccesFully Stop From Duplicating Message"}
{"level":"INFO","time":"2020-05-27T10:41:06.605+0530","caller":"emailhandler/dbhandleoffset.go:132","message":"Stopped Duplicating message","offset:":6}
{"level":"INFO","time":"2020-05-27T10:41:06.605+0530","caller":"emailhandler/kafkarecieve.go:33","message":"SuccesFully Stop From Duplicating Message"}
{"level":"INFO","time":"2020-05-27T10:41:06.609+0530","caller":"emailhandler/dbhandleoffset.go:132","message":"Stopped Duplicating message","offset:":7}
{"level":"INFO","time":"2020-05-27T10:41:06.609+0530","caller":"emailhandler/kafkarecieve.go:33","message":"SuccesFully Stop From Duplicating Message"}
{"level":"INFO","time":"2020-05-27T10:41:06.615+0530","caller":"emailhandler/dbhandleoffset.go:132","message":"Stopped Duplicating message","offset:":8}
{"level":"INFO","time":"2020-05-27T10:41:06.615+0530","caller":"emailhandler/kafkarecieve.go:33","message":"SuccesFully Stop From Duplicating Message"}
{"level":"INFO","time":"2020-05-27T10:41:06.618+0530","caller":"emailhandler/dbhandleoffset.go:132","message":"Stopped Duplicating message","offset:":9}
{"level":"INFO","time":"2020-05-27T10:41:06.618+0530","caller":"emailhandler/kafkarecieve.go:33","message":"SuccesFully Stop From Duplicating Message"}
{"level":"INFO","time":"2020-05-27T10:41:42.323+0530","caller":"emailhandler/dbhandleoffset.go:122","message":"Upadated the count of Offset"}
{"level":"INFO","time":"2020-05-27T10:41:42.323+0530","caller":"emailhandler/kafkarecieve.go:59","message":"metadata","Topic":"email","Key":"18","Offset":10}
{"level":"INFO","time":"2020-05-27T10:41:42.323+0530","caller":"emailhandler/kafkarecieve.go:60","message":"{\"Email\":\"suniljdh2016@gmail.com\",\"Phone\":\"+918400197044\",\"MessageBody\":\"hic\",\"Transactionid\":\"73781\",\"Customerid\":\"234\",\"Key\":\"18\",\"partition\":0}"}
{"level":"INFO","time":"2020-05-27T10:41:48.256+0530","caller":"emailhandler/dbemailfailure.go:132","message":"Successfully Send","Transaction_id":"73781"}
{"level":"INFO","time":"2020-05-27T10:46:21.141+0530","caller":"emailhandler/dbhandleoffset.go:132","message":"Stopped Duplicating message","offset:":0}
{"level":"INFO","time":"2020-05-27T10:46:21.141+0530","caller":"emailhandler/kafkarecieve.go:33","message":"SuccesFully Stop From Duplicating Message"}
{"level":"INFO","time":"2020-05-27T10:46:21.148+0530","caller":"emailhandler/dbhandleoffset.go:132","message":"Stopped Duplicating message","offset:":1}
{"level":"INFO","time":"2020-05-27T10:46:21.148+0530","caller":"emailhandler/kafkarecieve.go:33","message":"SuccesFully Stop From Duplicating Message"}
{"level":"INFO","time":"2020-05-27T10:46:21.154+0530","caller":"emailhandler/dbhandleoffset.go:132","message":"Stopped Duplicating message","offset:":10}
{"level":"INFO","time":"2020-05-27T10:46:21.154+0530","caller":"emailhandler/kafkarecieve.go:33","message":"SuccesFully Stop From Duplicating Message"}
{"level":"INFO","time":"2020-05-27T10:46:21.156+0530","caller":"emailhandler/dbhandleoffset.go:132","message":"Stopped Duplicating message","offset:":2}
{"level":"INFO","time":"2020-05-27T10:46:21.156+0530","caller":"emailhandler/kafkarecieve.go:33","message":"SuccesFully Stop From Duplicating Message"}
{"level":"INFO","time":"2020-05-27T10:46:21.162+0530","caller":"emailhandler/dbhandleoffset.go:132","message":"Stopped Duplicating message","offset:":3}
{"level":"INFO","time":"2020-05-27T10:46:21.162+0530","caller":"emailhandler/kafkarecieve.go:33","message":"SuccesFully Stop From Duplicating Message"}
{"level":"INFO","time":"2020-05-27T10:46:21.168+0530","caller":"emailhandler/dbhandleoffset.go:132","message":"Stopped Duplicating message","offset:":11}
{"level":"INFO","time":"2020-05-27T10:46:21.168+0530","caller":"emailhandler/kafkarecieve.go:33","message":"SuccesFully Stop From Duplicating Message"}
{"level":"INFO","time":"2020-05-27T10:46:21.170+0530","caller":"emailhandler/dbhandleoffset.go:132","message":"Stopped Duplicating message","offset:":4}
{"level":"INFO","time":"2020-05-27T10:46:21.170+0530","caller":"emailhandler/kafkarecieve.go:33","message":"SuccesFully Stop From Duplicating Message"}
{"level":"INFO","time":"2020-05-27T10:46:21.173+0530","caller":"emailhandler/dbhandleoffset.go:132","message":"Stopped Duplicating message","offset:":12}
{"level":"INFO","time":"2020-05-27T10:46:21.173+0530","caller":"emailhandler/kafkarecieve.go:33","message":"SuccesFully Stop From Duplicating Message"}
{"level":"INFO","time":"2020-05-27T10:46:21.188+0530","caller":"emailhandler/dbhandleoffset.go:132","message":"Stopped Duplicating message","offset:":5}
{"level":"INFO","time":"2020-05-27T10:46:21.189+0530","caller":"emailhandler/kafkarecieve.go:33","message":"SuccesFully Stop From Duplicating Message"}
{"level":"INFO","time":"2020-05-27T10:46:21.189+0530","caller":"emailhandler/dbhandleoffset.go:132","message":"Stopped Duplicating message","offset:":13}
{"level":"INFO","time":"2020-05-27T10:46:21.190+0530","caller":"emailhandler/kafkarecieve.go:33","message":"SuccesFully Stop From Duplicating Message"}
{"level":"INFO","time":"2020-05-27T10:46:21.197+0530","caller":"emailhandler/dbhandleoffset.go:132","message":"Stopped Duplicating message","offset:":6}
{"level":"INFO","time":"2020-05-27T10:46:21.197+0530","caller":"emailhandler/kafkarecieve.go:33","message":"SuccesFully Stop From Duplicating Message"}
{"level":"INFO","time":"2020-05-27T10:46:21.199+0530","caller":"emailhandler/dbhandleoffset.go:132","message":"Stopped Duplicating message","offset:":14}
{"level":"INFO","time":"2020-05-27T10:46:21.199+0530","caller":"emailhandler/kafkarecieve.go:33","message":"SuccesFully Stop From Duplicating Message"}
{"level":"INFO","time":"2020-05-27T10:46:21.204+0530","caller":"emailhandler/dbhandleoffset.go:132","message":"Stopped Duplicating message","offset:":7}
{"level":"INFO","time":"2020-05-27T10:46:21.204+0530","caller":"emailhandler/kafkarecieve.go:33","message":"SuccesFully Stop From Duplicating Message"}
{"level":"INFO","time":"2020-05-27T10:46:21.205+0530","caller":"emailhandler/dbhandleoffset.go:132","message":"Stopped Duplicating message","offset:":15}
{"level":"INFO","time":"2020-05-27T10:46:21.205+0530","caller":"emailhandler/kafkarecieve.go:33","message":"SuccesFully Stop From Duplicating Message"}
{"level":"INFO","time":"2020-05-27T10:46:21.213+0530","caller":"emailhandler/dbhandleoffset.go:132","message":"Stopped Duplicating message","offset:":16}
{"level":"INFO","time":"2020-05-27T10:46:21.213+0530","caller":"emailhandler/kafkarecieve.go:33","message":"SuccesFully Stop From Duplicating Message"}
{"level":"INFO","time":"2020-05-27T10:46:21.233+0530","caller":"emailhandler/dbhandleoffset.go:132","message":"Stopped Duplicating message","offset:":8}
{"level":"INFO","time":"2020-05-27T10:46:21.233+0530","caller":"emailhandler/kafkarecieve.go:33","message":"SuccesFully Stop From Duplicating Message"}
{"level":"INFO","time":"2020-05-27T10:46:21.237+0530","caller":"emailhandler/dbhandleoffset.go:132","message":"Stopped Duplicating message","offset:":9}
{"level":"INFO","time":"2020-05-27T10:46:21.237+0530","caller":"emailhandler/kafkarecieve.go:33","message":"SuccesFully Stop From Duplicating Message"}
{"level":"INFO","time":"2020-05-27T10:46:21.241+0530","caller":"emailhandler/dbhandleoffset.go:122","message":"Upadated the count of Offset"}
{"level":"INFO","time":"2020-05-27T10:46:21.241+0530","caller":"emailhandler/kafkarecieve.go:59","message":"metadata","Topic":"email","Key":"14244","Offset":17}
{"level":"INFO","time":"2020-05-27T10:46:21.241+0530","caller":"emailhandler/kafkarecieve.go:60","message":"{\"Email\":\"vikasharya0328@gmail.com\",\"Phone\":\"7432094921\",\"MessageBody\":\"hellohiytttty\",\"Transactionid\":\"125456456\",\"Customerid\":\"347656r76789\",\"Key\":\"14244\",\"partition\":-1}"}
{"level":"INFO","time":"2020-05-27T10:46:21.245+0530","caller":"emailhandler/dbhandleoffset.go:132","message":"Stopped Duplicating message","offset:":10}
{"level":"INFO","time":"2020-05-27T10:46:21.245+0530","caller":"emailhandler/kafkarecieve.go:33","message":"SuccesFully Stop From Duplicating Message"}
{"level":"INFO","time":"2020-05-27T10:46:21.254+0530","caller":"emailhandler/dbhandleoffset.go:132","message":"Stopped Duplicating message","offset:":3}
{"level":"INFO","time":"2020-05-27T10:46:21.254+0530","caller":"emailhandler/kafkarecieve.go:33","message":"SuccesFully Stop From Duplicating Message"}
{"level":"INFO","time":"2020-05-27T10:46:21.264+0530","caller":"emailhandler/dbhandleoffset.go:132","message":"Stopped Duplicating message","offset:":4}
{"level":"INFO","time":"2020-05-27T10:46:21.264+0530","caller":"emailhandler/kafkarecieve.go:33","message":"SuccesFully Stop From Duplicating Message"}
{"level":"INFO","time":"2020-05-27T10:46:21.270+0530","caller":"emailhandler/dbhandleoffset.go:132","message":"Stopped Duplicating message","offset:":5}
{"level":"INFO","time":"2020-05-27T10:46:21.270+0530","caller":"emailhandler/kafkarecieve.go:33","message":"SuccesFully Stop From Duplicating Message"}
{"level":"INFO","time":"2020-05-27T10:46:21.281+0530","caller":"emailhandler/dbhandleoffset.go:132","message":"Stopped Duplicating message","offset:":6}
{"level":"INFO","time":"2020-05-27T10:46:21.281+0530","caller":"emailhandler/kafkarecieve.go:33","message":"SuccesFully Stop From Duplicating Message"}
{"level":"INFO","time":"2020-05-27T10:46:25.332+0530","caller":"emailhandler/dbemailfailure.go:132","message":"Successfully Send","Transaction_id":"125456456"}
{"level":"INFO","time":"2020-05-27T10:46:25.333+0530","caller":"emailhandler/kafkarecieve.go:59","message":"metadata","Topic":"email","Key":"","Offset":18}
{"level":"INFO","time":"2020-05-27T10:46:25.333+0530","caller":"emailhandler/kafkarecieve.go:60","message":"{\"Email\":\"vikasharya0328@gmail.com\",\"Phone\":\"7432094921\",\"MessageBody\":\"hellohiytttty\",\"Transactionid\":\"125456456\",\"Customerid\":\"347656r76789\",\"Key\":\"\",\"partition\":-1}"}
{"level":"INFO","time":"2020-05-27T10:46:25.345+0530","caller":"emailhandler/dbhandleoffset.go:94","message":"Upadated the count of Offset","Partition":0,"Offset":18}
{"level":"INFO","time":"2020-05-27T10:46:29.383+0530","caller":"emailhandler/dbemailfailure.go:132","message":"Successfully Send","Transaction_id":"125456456"}
{"level":"INFO","time":"2020-05-27T10:46:29.384+0530","caller":"emailhandler/kafkarecieve.go:59","message":"metadata","Topic":"email","Key":"","Offset":19}
{"level":"INFO","time":"2020-05-27T10:46:29.384+0530","caller":"emailhandler/kafkarecieve.go:60","message":"{\"Email\":\"vikasharya0328@gmail.com\",\"Phone\":\"7432094921\",\"MessageBody\":\"hellohiytttty\",\"Transactionid\":\"125456456\",\"Customerid\":\"347656r76789\",\"Key\":\"\",\"partition\":0}"}
{"level":"INFO","time":"2020-05-27T10:46:29.393+0530","caller":"emailhandler/dbhandleoffset.go:94","message":"Upadated the count of Offset","Partition":0,"Offset":19}
{"level":"INFO","time":"2020-05-27T10:46:33.372+0530","caller":"emailhandler/dbemailfailure.go:132","message":"Successfully Send","Transaction_id":"125456456"}
{"level":"INFO","time":"2020-05-27T10:46:33.372+0530","caller":"emailhandler/kafkarecieve.go:59","message":"metadata","Topic":"email","Key":"14244","Offset":20}
{"level":"INFO","time":"2020-05-27T10:46:33.372+0530","caller":"emailhandler/kafkarecieve.go:60","message":"{\"Email\":\"vikasharya0328@gmail.com\",\"Phone\":\"7432094921\",\"MessageBody\":\"hellohiytttty\",\"Transactionid\":\"125456456\",\"Customerid\":\"347656r76789\",\"Key\":\"14244\",\"partition\":-1}"}
{"level":"INFO","time":"2020-05-27T10:46:33.376+0530","caller":"emailhandler/dbhandleoffset.go:94","message":"Upadated the count of Offset","Partition":0,"Offset":20}
{"level":"INFO","time":"2020-05-27T10:46:37.558+0530","caller":"emailhandler/dbemailfailure.go:132","message":"Successfully Send","Transaction_id":"125456456"}
{"level":"INFO","time":"2020-05-27T10:46:37.558+0530","caller":"emailhandler/kafkarecieve.go:59","message":"metadata","Topic":"email","Key":"","Offset":21}
{"level":"INFO","time":"2020-05-27T10:46:37.558+0530","caller":"emailhandler/kafkarecieve.go:60","message":"{\"Email\":\"vikasharya0328@gmail.com\",\"Phone\":\"7432094921\",\"MessageBody\":\"hellohiytttty\",\"Transactionid\":\"125456456\",\"Customerid\":\"347656r76789\",\"Key\":\"\",\"partition\":-1}"}
{"level":"INFO","time":"2020-05-27T10:46:37.593+0530","caller":"emailhandler/dbhandleoffset.go:94","message":"Upadated the count of Offset","Partition":0,"Offset":21}
{"level":"INFO","time":"2020-05-27T10:46:41.546+0530","caller":"emailhandler/dbemailfailure.go:132","message":"Successfully Send","Transaction_id":"125456456"}
{"level":"INFO","time":"2020-05-27T10:46:41.547+0530","caller":"emailhandler/kafkarecieve.go:59","message":"metadata","Topic":"email","Key":"","Offset":22}
{"level":"INFO","time":"2020-05-27T10:46:41.547+0530","caller":"emailhandler/kafkarecieve.go:60","message":"{\"Email\":\"vikasharya0328@gmail.com\",\"Phone\":\"7432094921\",\"MessageBody\":\"hellohiytttty\",\"Transactionid\":\"125456456\",\"Customerid\":\"347656r76789\",\"Key\":\"\",\"partition\":0}"}
{"level":"INFO","time":"2020-05-27T10:46:41.556+0530","caller":"emailhandler/dbhandleoffset.go:94","message":"Upadated the count of Offset","Partition":0,"Offset":22}
{"level":"INFO","time":"2020-05-27T10:46:45.457+0530","caller":"emailhandler/dbemailfailure.go:132","message":"Successfully Send","Transaction_id":"125456456"}
{"level":"INFO","time":"2020-05-27T11:48:22.320+0530","caller":"emailhandler/dbhandleoffset.go:132","message":"Stopped Duplicating message","offset:":0}
{"level":"INFO","time":"2020-05-27T11:48:22.321+0530","caller":"emailhandler/kafkarecieve.go:33","message":"SuccesFully Stop From Duplicating Message"}
{"level":"INFO","time":"2020-05-27T11:48:22.338+0530","caller":"emailhandler/dbhandleoffset.go:132","message":"Stopped Duplicating message","offset:":1}
{"level":"INFO","time":"2020-05-27T11:48:22.339+0530","caller":"emailhandler/kafkarecieve.go:33","message":"SuccesFully Stop From Duplicating Message"}
{"level":"INFO","time":"2020-05-27T11:48:22.357+0530","caller":"emailhandler/dbhandleoffset.go:132","message":"Stopped Duplicating message","offset:":2}
{"level":"INFO","time":"2020-05-27T11:48:22.357+0530","caller":"emailhandler/kafkarecieve.go:33","message":"SuccesFully Stop From Duplicating Message"}
{"level":"INFO","time":"2020-05-27T11:48:22.372+0530","caller":"emailhandler/dbhandleoffset.go:132","message":"Stopped Duplicating message","offset:":3}
{"level":"INFO","time":"2020-05-27T11:48:22.372+0530","caller":"emailhandler/kafkarecieve.go:33","message":"SuccesFully Stop From Duplicating Message"}
{"level":"INFO","time":"2020-05-27T11:48:22.390+0530","caller":"emailhandler/dbhandleoffset.go:132","message":"Stopped Duplicating message","offset:":4}
{"level":"INFO","time":"2020-05-27T11:48:22.390+0530","caller":"emailhandler/kafkarecieve.go:33","message":"SuccesFully Stop From Duplicating Message"}
{"level":"INFO","time":"2020-05-27T11:48:22.402+0530","caller":"emailhandler/dbhandleoffset.go:132","message":"Stopped Duplicating message","offset:":5}
{"level":"INFO","time":"2020-05-27T11:48:22.402+0530","caller":"emailhandler/kafkarecieve.go:33","message":"SuccesFully Stop From Duplicating Message"}
{"level":"INFO","time":"2020-05-27T11:48:22.423+0530","caller":"emailhandler/dbhandleoffset.go:132","message":"Stopped Duplicating message","offset:":6}
{"level":"INFO","time":"2020-05-27T11:48:22.423+0530","caller":"emailhandler/kafkarecieve.go:33","message":"SuccesFully Stop From Duplicating Message"}
{"level":"INFO","time":"2020-05-27T11:48:22.430+0530","caller":"emailhandler/dbhandleoffset.go:132","message":"Stopped Duplicating message","offset:":7}
{"level":"INFO","time":"2020-05-27T11:48:22.430+0530","caller":"emailhandler/kafkarecieve.go:33","message":"SuccesFully Stop From Duplicating Message"}
{"level":"INFO","time":"2020-05-27T11:48:22.435+0530","caller":"emailhandler/dbhandleoffset.go:132","message":"Stopped Duplicating message","offset:":8}
{"level":"INFO","time":"2020-05-27T11:48:22.435+0530","caller":"emailhandler/kafkarecieve.go:33","message":"SuccesFully Stop From Duplicating Message"}
{"level":"INFO","time":"2020-05-27T11:48:22.441+0530","caller":"emailhandler/dbhandleoffset.go:132","message":"Stopped Duplicating message","offset:":9}
{"level":"INFO","time":"2020-05-27T11:48:22.441+0530","caller":"emailhandler/kafkarecieve.go:33","message":"SuccesFully Stop From Duplicating Message"}
{"level":"INFO","time":"2020-05-27T11:48:22.444+0530","caller":"emailhandler/dbhandleoffset.go:132","message":"Stopped Duplicating message","offset:":10}
{"level":"INFO","time":"2020-05-27T11:48:22.444+0530","caller":"emailhandler/kafkarecieve.go:33","message":"SuccesFully Stop From Duplicating Message"}
{"level":"INFO","time":"2020-05-27T11:48:22.448+0530","caller":"emailhandler/dbhandleoffset.go:132","message":"Stopped Duplicating message","offset:":3}
{"level":"INFO","time":"2020-05-27T11:48:22.448+0530","caller":"emailhandler/kafkarecieve.go:33","message":"SuccesFully Stop From Duplicating Message"}
{"level":"INFO","time":"2020-05-27T11:48:22.451+0530","caller":"emailhandler/dbhandleoffset.go:132","message":"Stopped Duplicating message","offset:":4}
{"level":"INFO","time":"2020-05-27T11:48:22.451+0530","caller":"emailhandler/kafkarecieve.go:33","message":"SuccesFully Stop From Duplicating Message"}
{"level":"INFO","time":"2020-05-27T11:48:22.454+0530","caller":"emailhandler/dbhandleoffset.go:132","message":"Stopped Duplicating message","offset:":5}
{"level":"INFO","time":"2020-05-27T11:48:22.454+0530","caller":"emailhandler/kafkarecieve.go:33","message":"SuccesFully Stop From Duplicating Message"}
{"level":"INFO","time":"2020-05-27T11:48:22.457+0530","caller":"emailhandler/dbhandleoffset.go:132","message":"Stopped Duplicating message","offset:":6}
{"level":"INFO","time":"2020-05-27T11:48:22.457+0530","caller":"emailhandler/kafkarecieve.go:33","message":"SuccesFully Stop From Duplicating Message"}
{"level":"INFO","time":"2020-05-27T11:48:40.358+0530","caller":"emailhandler/dbhandleoffset.go:122","message":"Upadated the count of Offset"}
{"level":"INFO","time":"2020-05-27T11:48:40.358+0530","caller":"emailhandler/kafkarecieve.go:59","message":"metadata","Topic":"email","Key":"18","Offset":23}
{"level":"INFO","time":"2020-05-27T11:48:40.358+0530","caller":"emailhandler/kafkarecieve.go:60","message":"{\"Email\":\"vikasharya0328@gmail.com\",\"Phone\":\"+919916194654\",\"MessageBody\":\"hic\",\"Transactionid\":\"73781\",\"Customerid\":\"234\",\"Key\":\"18\",\"partition\":0}"}
{"level":"INFO","time":"2020-05-27T11:48:44.926+0530","caller":"emailhandler/dbemailfailure.go:132","message":"Successfully Send","Transaction_id":"73781"}
{"level":"INFO","time":"2020-05-27T11:50:10.427+0530","caller":"emailhandler/kafkarecieve.go:59","message":"metadata","Topic":"email","Key":"","Offset":24}
{"level":"INFO","time":"2020-05-27T11:50:10.427+0530","caller":"emailhandler/kafkarecieve.go:60","message":"{\"Email\":\"vikasharya0328@gmail.com\",\"Phone\":\"+919916194654\",\"MessageBody\":\"hic\",\"Transactionid\":\"73781\",\"Customerid\":\"234\",\"Key\":\"\",\"partition\":0}"}
{"level":"INFO","time":"2020-05-27T11:50:10.430+0530","caller":"emailhandler/dbhandleoffset.go:94","message":"Upadated the count of Offset","Partition":0,"Offset":24}
{"level":"INFO","time":"2020-05-27T11:50:14.472+0530","caller":"emailhandler/dbemailfailure.go:132","message":"Successfully Send","Transaction_id":"73781"}
{"level":"INFO","time":"2020-05-27T11:51:04.426+0530","caller":"emailhandler/dbhandleoffset.go:122","message":"Upadated the count of Offset"}
{"level":"INFO","time":"2020-05-27T11:51:04.426+0530","caller":"emailhandler/kafkarecieve.go:59","message":"metadata","Topic":"email","Key":"","Offset":11}
{"level":"INFO","time":"2020-05-27T11:51:04.426+0530","caller":"emailhandler/kafkarecieve.go:60","message":"{\"Email\":\"vikasharya0328@gmail.com\",\"Phone\":\"+919916194654\",\"MessageBody\":\"hic\",\"Transactionid\":\"73781\",\"Customerid\":\"234\",\"Key\":\"\",\"partition\":0}"}
{"level":"INFO","time":"2020-05-27T11:51:08.232+0530","caller":"emailhandler/dbemailfailure.go:132","message":"Successfully Send","Transaction_id":"73781"}
{"level":"INFO","time":"2020-05-27T11:56:10.552+0530","caller":"emailhandler/kafkarecieve.go:59","message":"metadata","Topic":"email","Key":"","Offset":12}
{"level":"INFO","time":"2020-05-27T11:56:10.553+0530","caller":"emailhandler/kafkarecieve.go:60","message":"{\"Email\":\"vikasharya0328@gmail.com\",\"Phone\":\"+919731194662\",\"MessageBody\":\"hic\",\"Transactionid\":\"73781\",\"Customerid\":\"234\",\"Key\":\"\",\"partition\":0}"}
{"level":"INFO","time":"2020-05-27T11:56:10.562+0530","caller":"emailhandler/dbhandleoffset.go:94","message":"Upadated the count of Offset","Partition":2,"Offset":12}
{"level":"INFO","time":"2020-05-27T11:56:14.544+0530","caller":"emailhandler/dbemailfailure.go:132","message":"Successfully Send","Transaction_id":"73781"}
{"level":"INFO","time":"2020-05-27T11:57:41.849+0530","caller":"emailhandler/dbhandleoffset.go:132","message":"Stopped Duplicating message","offset:":0}
{"level":"INFO","time":"2020-05-27T11:57:41.849+0530","caller":"emailhandler/kafkarecieve.go:33","message":"SuccesFully Stop From Duplicating Message"}
{"level":"INFO","time":"2020-05-27T11:57:41.851+0530","caller":"emailhandler/dbhandleoffset.go:132","message":"Stopped Duplicating message","offset:":23}
{"level":"INFO","time":"2020-05-27T11:57:41.851+0530","caller":"emailhandler/kafkarecieve.go:33","message":"SuccesFully Stop From Duplicating Message"}
{"level":"INFO","time":"2020-05-27T11:57:41.855+0530","caller":"emailhandler/dbhandleoffset.go:132","message":"Stopped Duplicating message","offset:":1}
{"level":"INFO","time":"2020-05-27T11:57:41.855+0530","caller":"emailhandler/kafkarecieve.go:33","message":"SuccesFully Stop From Duplicating Message"}
{"level":"INFO","time":"2020-05-27T11:57:41.858+0530","caller":"emailhandler/dbhandleoffset.go:132","message":"Stopped Duplicating message","offset:":24}
{"level":"INFO","time":"2020-05-27T11:57:41.858+0530","caller":"emailhandler/kafkarecieve.go:33","message":"SuccesFully Stop From Duplicating Message"}
{"level":"INFO","time":"2020-05-27T11:57:41.862+0530","caller":"emailhandler/dbhandleoffset.go:132","message":"Stopped Duplicating message","offset:":2}
{"level":"INFO","time":"2020-05-27T11:57:41.862+0530","caller":"emailhandler/kafkarecieve.go:33","message":"SuccesFully Stop From Duplicating Message"}
{"level":"INFO","time":"2020-05-27T11:57:41.864+0530","caller":"emailhandler/dbhandleoffset.go:122","message":"Upadated the count of Offset"}
{"level":"INFO","time":"2020-05-27T11:57:41.865+0530","caller":"emailhandler/kafkarecieve.go:59","message":"metadata","Topic":"email","Key":"14244","Offset":25}
{"level":"INFO","time":"2020-05-27T11:57:41.865+0530","caller":"emailhandler/kafkarecieve.go:60","message":"{\"Email\":\"vikasharya0328@gmail.com\",\"Phone\":\"7432094921\",\"MessageBody\":\"hellohiytttty\",\"Transactionid\":\"125456456\",\"Customerid\":\"347656r76789\",\"Key\":\"14244\",\"partition\":-1}"}
{"level":"INFO","time":"2020-05-27T11:57:41.868+0530","caller":"emailhandler/dbhandleoffset.go:132","message":"Stopped Duplicating message","offset:":3}
{"level":"INFO","time":"2020-05-27T11:57:41.868+0530","caller":"emailhandler/kafkarecieve.go:33","message":"SuccesFully Stop From Duplicating Message"}
{"level":"INFO","time":"2020-05-27T11:57:41.877+0530","caller":"emailhandler/dbhandleoffset.go:132","message":"Stopped Duplicating message","offset:":4}
{"level":"INFO","time":"2020-05-27T11:57:41.877+0530","caller":"emailhandler/kafkarecieve.go:33","message":"SuccesFully Stop From Duplicating Message"}
{"level":"INFO","time":"2020-05-27T11:57:41.886+0530","caller":"emailhandler/dbhandleoffset.go:132","message":"Stopped Duplicating message","offset:":5}
{"level":"INFO","time":"2020-05-27T11:57:41.886+0530","caller":"emailhandler/kafkarecieve.go:33","message":"SuccesFully Stop From Duplicating Message"}
{"level":"INFO","time":"2020-05-27T11:57:41.895+0530","caller":"emailhandler/dbhandleoffset.go:132","message":"Stopped Duplicating message","offset:":6}
{"level":"INFO","time":"2020-05-27T11:57:41.895+0530","caller":"emailhandler/kafkarecieve.go:33","message":"SuccesFully Stop From Duplicating Message"}
{"level":"INFO","time":"2020-05-27T11:57:41.905+0530","caller":"emailhandler/dbhandleoffset.go:132","message":"Stopped Duplicating message","offset:":7}
{"level":"INFO","time":"2020-05-27T11:57:41.905+0530","caller":"emailhandler/kafkarecieve.go:33","message":"SuccesFully Stop From Duplicating Message"}
{"level":"INFO","time":"2020-05-27T11:57:41.912+0530","caller":"emailhandler/dbhandleoffset.go:132","message":"Stopped Duplicating message","offset:":8}
{"level":"INFO","time":"2020-05-27T11:57:41.913+0530","caller":"emailhandler/kafkarecieve.go:33","message":"SuccesFully Stop From Duplicating Message"}
{"level":"INFO","time":"2020-05-27T11:57:41.924+0530","caller":"emailhandler/dbhandleoffset.go:132","message":"Stopped Duplicating message","offset:":9}
{"level":"INFO","time":"2020-05-27T11:57:41.924+0530","caller":"emailhandler/kafkarecieve.go:33","message":"SuccesFully Stop From Duplicating Message"}
{"level":"INFO","time":"2020-05-27T11:57:41.936+0530","caller":"emailhandler/dbhandleoffset.go:132","message":"Stopped Duplicating message","offset:":10}
{"level":"INFO","time":"2020-05-27T11:57:41.936+0530","caller":"emailhandler/kafkarecieve.go:33","message":"SuccesFully Stop From Duplicating Message"}
{"level":"INFO","time":"2020-05-27T11:57:41.945+0530","caller":"emailhandler/dbhandleoffset.go:132","message":"Stopped Duplicating message","offset:":11}
{"level":"INFO","time":"2020-05-27T11:57:41.945+0530","caller":"emailhandler/kafkarecieve.go:33","message":"SuccesFully Stop From Duplicating Message"}
{"level":"INFO","time":"2020-05-27T11:57:41.949+0530","caller":"emailhandler/dbhandleoffset.go:132","message":"Stopped Duplicating message","offset:":12}
{"level":"INFO","time":"2020-05-27T11:57:41.949+0530","caller":"emailhandler/kafkarecieve.go:33","message":"SuccesFully Stop From Duplicating Message"}
{"level":"INFO","time":"2020-05-27T11:57:41.967+0530","caller":"emailhandler/dbhandleoffset.go:132","message":"Stopped Duplicating message","offset:":3}
{"level":"INFO","time":"2020-05-27T11:57:41.967+0530","caller":"emailhandler/kafkarecieve.go:33","message":"SuccesFully Stop From Duplicating Message"}
{"level":"INFO","time":"2020-05-27T11:57:41.972+0530","caller":"emailhandler/dbhandleoffset.go:132","message":"Stopped Duplicating message","offset:":4}
{"level":"INFO","time":"2020-05-27T11:57:41.972+0530","caller":"emailhandler/kafkarecieve.go:33","message":"SuccesFully Stop From Duplicating Message"}
{"level":"INFO","time":"2020-05-27T11:57:41.974+0530","caller":"emailhandler/dbhandleoffset.go:132","message":"Stopped Duplicating message","offset:":5}
{"level":"INFO","time":"2020-05-27T11:57:41.974+0530","caller":"emailhandler/kafkarecieve.go:33","message":"SuccesFully Stop From Duplicating Message"}
{"level":"INFO","time":"2020-05-27T11:57:41.978+0530","caller":"emailhandler/dbhandleoffset.go:132","message":"Stopped Duplicating message","offset:":6}
{"level":"INFO","time":"2020-05-27T11:57:41.978+0530","caller":"emailhandler/kafkarecieve.go:33","message":"SuccesFully Stop From Duplicating Message"}
{"level":"ERROR","time":"2020-05-27T11:57:44.442+0530","caller":"emailhandler/dbemailfailure.go:119","message":"535 5.7.8 Username and Password not accepted. Learn more at\n5.7.8  https://support.google.com/mail/?p=BadCredentials z20sm1392683pjn.53 - gsmtp"}
{"level":"INFO","time":"2020-05-27T11:57:46.376+0530","caller":"emailhandler/dbemailfailure.go:47","message":"Succesfully Inserted"}
{"level":"INFO","time":"2020-05-27T11:57:46.378+0530","caller":"emailhandler/kafkarecieve.go:59","message":"metadata","Topic":"email","Key":"","Offset":26}
{"level":"INFO","time":"2020-05-27T11:57:46.378+0530","caller":"emailhandler/kafkarecieve.go:60","message":"{\"Email\":\"vikasharya0328@gmail.com\",\"Phone\":\"7432094921\",\"MessageBody\":\"hellohiytttty\",\"Transactionid\":\"125456456\",\"Customerid\":\"347656r76789\",\"Key\":\"\",\"partition\":-1}"}
{"level":"INFO","time":"2020-05-27T11:57:46.383+0530","caller":"emailhandler/dbhandleoffset.go:94","message":"Upadated the count of Offset","Partition":0,"Offset":26}
{"level":"ERROR","time":"2020-05-27T11:57:48.808+0530","caller":"emailhandler/dbemailfailure.go:119","message":"535 5.7.8 Username and Password not accepted. Learn more at\n5.7.8  https://support.google.com/mail/?p=BadCredentials k12sm1116364pfg.177 - gsmtp"}
{"level":"INFO","time":"2020-05-27T11:57:48.818+0530","caller":"emailhandler/dbemailfailure.go:47","message":"Succesfully Inserted"}
{"level":"INFO","time":"2020-05-27T11:57:48.818+0530","caller":"emailhandler/kafkarecieve.go:59","message":"metadata","Topic":"email","Key":"","Offset":27}
{"level":"INFO","time":"2020-05-27T11:57:48.818+0530","caller":"emailhandler/kafkarecieve.go:60","message":"{\"Email\":\"vikasharya0328@gmail.com\",\"Phone\":\"7432094921\",\"MessageBody\":\"hellohiytttty\",\"Transactionid\":\"125456456\",\"Customerid\":\"347656r76789\",\"Key\":\"\",\"partition\":0}"}
{"level":"INFO","time":"2020-05-27T11:57:48.827+0530","caller":"emailhandler/dbhandleoffset.go:94","message":"Upadated the count of Offset","Partition":0,"Offset":27}
{"level":"ERROR","time":"2020-05-27T11:57:51.192+0530","caller":"emailhandler/dbemailfailure.go:119","message":"535 5.7.8 Username and Password not accepted. Learn more at\n5.7.8  https://support.google.com/mail/?p=BadCredentials w12sm1281347pjy.15 - gsmtp"}
{"level":"INFO","time":"2020-05-27T11:57:51.197+0530","caller":"emailhandler/dbemailfailure.go:47","message":"Succesfully Inserted"}
{"level":"INFO","time":"2020-05-27T11:57:51.198+0530","caller":"emailhandler/kafkarecieve.go:59","message":"metadata","Topic":"email","Key":"14244","Offset":28}
{"level":"INFO","time":"2020-05-27T11:57:51.198+0530","caller":"emailhandler/kafkarecieve.go:60","message":"{\"Email\":\"vikasharya0328@gmail.com\",\"Phone\":\"7432094921\",\"MessageBody\":\"hellohiytttty\",\"Transactionid\":\"125456456\",\"Customerid\":\"347656r76789\",\"Key\":\"14244\",\"partition\":-1}"}
{"level":"INFO","time":"2020-05-27T11:57:51.205+0530","caller":"emailhandler/dbhandleoffset.go:94","message":"Upadated the count of Offset","Partition":0,"Offset":28}
{"level":"ERROR","time":"2020-05-27T11:57:53.502+0530","caller":"emailhandler/dbemailfailure.go:119","message":"535 5.7.8 Username and Password not accepted. Learn more at\n5.7.8  https://support.google.com/mail/?p=BadCredentials 145sm1193114pfa.53 - gsmtp"}
{"level":"INFO","time":"2020-05-27T11:57:53.509+0530","caller":"emailhandler/dbemailfailure.go:47","message":"Succesfully Inserted"}
{"level":"INFO","time":"2020-05-27T11:57:53.510+0530","caller":"emailhandler/kafkarecieve.go:59","message":"metadata","Topic":"email","Key":"","Offset":29}
{"level":"INFO","time":"2020-05-27T11:57:53.510+0530","caller":"emailhandler/kafkarecieve.go:60","message":"{\"Email\":\"vikasharya0328@gmail.com\",\"Phone\":\"7432094921\",\"MessageBody\":\"hellohiytttty\",\"Transactionid\":\"125456456\",\"Customerid\":\"347656r76789\",\"Key\":\"\",\"partition\":-1}"}
{"level":"INFO","time":"2020-05-27T11:57:53.525+0530","caller":"emailhandler/dbhandleoffset.go:94","message":"Upadated the count of Offset","Partition":0,"Offset":29}
{"level":"ERROR","time":"2020-05-27T11:57:55.977+0530","caller":"emailhandler/dbemailfailure.go:119","message":"535 5.7.8 Username and Password not accepted. Learn more at\n5.7.8  https://support.google.com/mail/?p=BadCredentials v27sm1147851pfi.61 - gsmtp"}
{"level":"INFO","time":"2020-05-27T11:57:55.981+0530","caller":"emailhandler/dbemailfailure.go:47","message":"Succesfully Inserted"}
{"level":"INFO","time":"2020-05-27T11:57:55.982+0530","caller":"emailhandler/kafkarecieve.go:59","message":"metadata","Topic":"email","Key":"","Offset":30}
{"level":"INFO","time":"2020-05-27T11:57:55.982+0530","caller":"emailhandler/kafkarecieve.go:60","message":"{\"Email\":\"vikasharya0328@gmail.com\",\"Phone\":\"7432094921\",\"MessageBody\":\"hellohiytttty\",\"Transactionid\":\"125456456\",\"Customerid\":\"347656r76789\",\"Key\":\"\",\"partition\":0}"}
{"level":"INFO","time":"2020-05-27T11:57:55.985+0530","caller":"emailhandler/dbhandleoffset.go:94","message":"Upadated the count of Offset","Partition":0,"Offset":30}
{"level":"ERROR","time":"2020-05-27T11:57:58.409+0530","caller":"emailhandler/dbemailfailure.go:119","message":"535 5.7.8 Username and Password not accepted. Learn more at\n5.7.8  https://support.google.com/mail/?p=BadCredentials j186sm1168796pfb.220 - gsmtp"}
{"level":"INFO","time":"2020-05-27T11:57:58.417+0530","caller":"emailhandler/dbemailfailure.go:47","message":"Succesfully Inserted"}
{"level":"ERROR","time":"2020-05-27T11:59:50.669+0530","caller":"emailhandler/dbemailfailure.go:64","message":"context deadline exceeded"}
{"level":"ERROR","time":"2020-05-27T11:59:50.670+0530","caller":"emailhandler/dbemailfailure.go:64","message":"context deadline exceeded"}
{"level":"ERROR","time":"2020-05-27T12:00:24.895+0530","caller":"emailhandler/dbhandleoffset.go:63","message":"context deadline exceeded"}
{"level":"WARN","time":"2020-05-27T12:00:24.895+0530","caller":"emailhandler/kafkarecieve.go:30","message":"You Might Get Duplicate Messages .Their is Problem in DataBase Connection"}
{"level":"INFO","time":"2020-05-27T12:00:24.895+0530","caller":"emailhandler/kafkarecieve.go:59","message":"metadata","Topic":"email","Key":"5","Offset":0}
{"level":"INFO","time":"2020-05-27T12:00:24.895+0530","caller":"emailhandler/kafkarecieve.go:60","message":"{\"Email\":\"suniljdh2016@gmail.com\",\"Phone\":\"+918400197044\",\"MessageBody\":\"hiasfdgfhkc\",\"Transactionid\":\"7231\",\"Customerid\":\"45\",\"Key\":\"5\",\"partition\":0}"}
{"level":"ERROR","time":"2020-05-27T12:00:24.905+0530","caller":"emailhandler/dbhandleoffset.go:63","message":"context deadline exceeded"}
{"level":"WARN","time":"2020-05-27T12:00:24.905+0530","caller":"emailhandler/kafkarecieve.go:30","message":"You Might Get Duplicate Messages .Their is Problem in DataBase Connection"}
{"level":"INFO","time":"2020-05-27T12:00:24.905+0530","caller":"emailhandler/kafkarecieve.go:59","message":"metadata","Topic":"email","Key":"14244","Offset":31}
{"level":"INFO","time":"2020-05-27T12:00:24.905+0530","caller":"emailhandler/kafkarecieve.go:60","message":"{\"Email\":\"vikasharya0328@gmail.com\",\"Phone\":\"7432094921\",\"MessageBody\":\"hellohiytttty\",\"Transactionid\":\"125456456\",\"Customerid\":\"347656r76789\",\"Key\":\"14244\",\"partition\":-1}"}
{"level":"ERROR","time":"2020-05-27T12:00:27.381+0530","caller":"emailhandler/dbemailfailure.go:119","message":"535 5.7.8 Username and Password not accepted. Learn more at\n5.7.8  https://support.google.com/mail/?p=BadCredentials m7sm1201313pfb.1 - gsmtp"}
{"level":"ERROR","time":"2020-05-27T12:00:27.436+0530","caller":"emailhandler/dbemailfailure.go:119","message":"535 5.7.8 Username and Password not accepted. Learn more at\n5.7.8  https://support.google.com/mail/?p=BadCredentials b15sm1332906pjb.18 - gsmtp"}
{"level":"ERROR","time":"2020-05-27T12:00:29.382+0530","caller":"emailhandler/dbemailfailure.go:44","message":"context deadline exceeded"}
{"level":"ERROR","time":"2020-05-27T12:00:29.437+0530","caller":"emailhandler/dbemailfailure.go:44","message":"context deadline exceeded"}
